<?xml version="1.0" encoding="UTF-8"?>
<!-- Generated by org.testng.reporters.JUnitXMLReporter -->
<testsuite hostname="paras" ignored="0" name="Test" tests="6" failures="0" timestamp="28 Mar 2019 09:32:20 GMT" time="0.065" errors="0">
  <testcase name="elementsUI" time="0.018" classname="groupId.RestAPITest"/>
  <testcase name="postJira" time="0.001" classname="groupId.RestAPITest"/>
  <testcase name="IOSApps" time="0.001" classname="groupId.AppiumTest"/>
  <testcase name="nativeAppAndroid" time="0.001" classname="groupId.AppiumTest"/>
  <testcase name="browserAutomation" time="0.002" classname="groupId.SeleniumTest"/>
  <testcase name="elementsUI" time="0.001" classname="groupId.SeleniumTest"/>
</testsuite> <!-- Test -->
