<?xml version="1.0" encoding="UTF-8"?>
<!-- Generated by org.testng.reporters.JUnitXMLReporter -->
<testsuite hostname="paras" ignored="0" name="Command line test" tests="6" failures="0" timestamp="14 May 2019 07:36:07 GMT" time="0.043" errors="0">
  <testcase name="IOSApps" time="0.01" classname="groupId.AppiumTest"/>
  <testcase name="nativeAppAndroid" time="0.001" classname="groupId.AppiumTest"/>
  <testcase name="elementsUI" time="0.001" classname="groupId.RestAPITest"/>
  <testcase name="postJira" time="0.001" classname="groupId.RestAPITest"/>
  <testcase name="browserAutomation" time="0.001" classname="groupId.SeleniumTest"/>
  <testcase name="elementsUI" time="0.0" classname="groupId.SeleniumTest"/>
</testsuite> <!-- Command line test -->
