<?xml version="1.0" encoding="UTF-8"?>
<!-- Generated by org.testng.reporters.JUnitXMLReporter -->
<testsuite hostname="paras" ignored="0" name="Test" tests="4" failures="0" timestamp="14 May 2019 07:37:17 GMT" time="0.036" errors="0">
  <testcase name="elementsUI" time="0.009" classname="groupId.RestAPITest"/>
  <testcase name="postJira" time="0.0" classname="groupId.RestAPITest"/>
  <testcase name="browserAutomation" time="0.0" classname="groupId.SeleniumTest"/>
  <testcase name="elementsUI" time="0.0" classname="groupId.SeleniumTest"/>
</testsuite> <!-- Test -->
