<?xml version="1.0" encoding="UTF-8"?>
<testng-results skipped="0" failed="0" ignored="1" total="2" passed="1">
  <reporter-output>
  </reporter-output>
  <suite name="Default suite" duration-ms="49" started-at="2019-03-28T12:00:36Z" finished-at="2019-03-28T12:00:36Z">
    <groups>
    </groups>
    <test name="Default test" duration-ms="49" started-at="2019-03-28T12:00:36Z" finished-at="2019-03-28T12:00:36Z">
      <class name="groupId.SeleniumTest">
        <test-method status="PASS" signature="browserAutomation()[pri:0, instance:groupId.SeleniumTest@d80b78]" name="browserAutomation" duration-ms="16" started-at="2019-03-28T17:30:36Z" finished-at="2019-03-28T17:30:36Z">
          <reporter-output>
          </reporter-output>
        </test-method> <!-- browserAutomation -->
      </class> <!-- groupId.SeleniumTest -->
    </test> <!-- Default test -->
  </suite> <!-- Default suite -->
</testng-results>
